<?xml version="1.0" encoding="UTF-8"?>
<!-- Generated by org.testng.reporters.JUnitReportReporter -->
<testsuite hostname="SUNEETHA-PC" failures="1" tests="14" name="ToDoAssessment.TodoTestCases" time="22.296" errors="0" timestamp="2024-12-04T14:08:07 SGT" skipped="0">
  <testcase classname="ToDoAssessment.TodoTestCases" name="VerifyDestroyButton" time="1.729"/>
  <testcase classname="ToDoAssessment.TodoTestCases" name="verifySelectDownArrowButton" time="1.557"/>
  <testcase classname="ToDoAssessment.TodoTestCases" name="verifySelectDownArrowButtonTwotimes" time="1.620"/>
  <testcase classname="ToDoAssessment.TodoTestCases" name="emptyTodo" time="1.154"/>
  <testcase classname="ToDoAssessment.TodoTestCases" name="persistToDos" time="1.556">
    <failure message="Todos list not persisted after refresh expected [0] but found [2]" type="java.lang.AssertionError">
      <![CDATA[java.lang.AssertionError: Todos list not persisted after refresh expected [0] but found [2]
at org.testng.Assert.fail(Assert.java:111)
at org.testng.Assert.failNotEquals(Assert.java:1578)
at org.testng.Assert.assertEqualsImpl(Assert.java:150)
at org.testng.Assert.assertEquals(Assert.java:132)
at org.testng.Assert.assertEquals(Assert.java:1419)
at org.testng.Assert.assertEquals(Assert.java:1383)
at ToDoAssessment.TodoTestCases.persistToDos(TodoTestCases.java:268)
at java.base/jdk.internal.reflect.DirectMethodHandleAccessor.invoke(DirectMethodHandleAccessor.java:103)
at java.base/java.lang.reflect.Method.invoke(Method.java:580)
at org.testng.internal.invokers.MethodInvocationHelper.invokeMethod(MethodInvocationHelper.java:141)
at org.testng.internal.invokers.TestInvoker.invokeMethod(TestInvoker.java:686)
at org.testng.internal.invokers.TestInvoker.invokeTestMethod(TestInvoker.java:230)
at org.testng.internal.invokers.MethodRunner.runInSequence(MethodRunner.java:63)
at org.testng.internal.invokers.TestInvoker$MethodInvocationAgent.invoke(TestInvoker.java:992)
at org.testng.internal.invokers.TestInvoker.invokeTestMethods(TestInvoker.java:203)
at org.testng.internal.invokers.TestMethodWorker.invokeTestMethods(TestMethodWorker.java:154)
at org.testng.internal.invokers.TestMethodWorker.run(TestMethodWorker.java:134)
at java.base/java.util.ArrayList.forEach(ArrayList.java:1597)
at org.testng.TestRunner.privateRun(TestRunner.java:739)
at org.testng.TestRunner.run(TestRunner.java:614)
at org.testng.SuiteRunner.runTest(SuiteRunner.java:421)
at org.testng.SuiteRunner.runSequentially(SuiteRunner.java:413)
at org.testng.SuiteRunner.privateRun(SuiteRunner.java:373)
at org.testng.SuiteRunner.run(SuiteRunner.java:312)
at org.testng.SuiteRunnerWorker.runSuite(SuiteRunnerWorker.java:52)
at org.testng.SuiteRunnerWorker.run(SuiteRunnerWorker.java:95)
at org.testng.TestNG.runSuitesSequentially(TestNG.java:1274)
at org.testng.TestNG.runSuitesLocally(TestNG.java:1208)
at org.testng.TestNG.runSuites(TestNG.java:1112)
at org.testng.TestNG.run(TestNG.java:1079)
at org.testng.remote.AbstractRemoteTestNG.run(AbstractRemoteTestNG.java:115)
at org.testng.remote.RemoteTestNG.initAndRun(RemoteTestNG.java:293)
at org.testng.remote.RemoteTestNG.main(RemoteTestNG.java:91)
]]>
    </failure>
  </testcase> <!-- persistToDos -->
  <testcase classname="ToDoAssessment.TodoTestCases" name="addTodo" time="1.474"/>
  <testcase classname="ToDoAssessment.TodoTestCases" name="editExistingTodo" time="1.773"/>
  <testcase classname="ToDoAssessment.TodoTestCases" name="verifyEnteredTaskwithList" time="1.940"/>
  <testcase classname="ToDoAssessment.TodoTestCases" name="verifyCompletedPageAfterClearCompleted" time="1.642"/>
  <testcase classname="ToDoAssessment.TodoTestCases" name="verifyAll" time="1.614"/>
  <testcase classname="ToDoAssessment.TodoTestCases" name="verifyMainPageAfterClearCompleted" time="1.586"/>
  <testcase classname="ToDoAssessment.TodoTestCases" name="verifyActive" time="1.683"/>
  <testcase classname="ToDoAssessment.TodoTestCases" name="verifyEditInput" time="1.352"/>
  <testcase classname="ToDoAssessment.TodoTestCases" name="verifyCompleted" time="1.616"/>
</testsuite> <!-- ToDoAssessment.TodoTestCases -->
